[0.049s] Invoking command in '/home/iclab/work/epos_ws/src/epos2_description/build/epos2_description': CMAKE_PREFIX_PATH=/opt/ros/humble /usr/bin/cmake /home/iclab/work/epos_ws/src/epos2_description -DCMAKE_EXPORT_COMPILE_COMMANDS=ON -DAMENT_CMAKE_SYMLINK_INSTALL=1 -DCMAKE_INSTALL_PREFIX=/home/iclab/work/epos_ws/src/epos2_description/install/epos2_description
[0.061s] -- Found ament_cmake: 1.3.5 (/opt/ros/humble/share/ament_cmake/cmake)
[0.184s] -- Override CMake install command with custom implementation using symlinks instead of copying resources
[0.192s] -- Found robot_state_publisher: 3.0.2 (/opt/ros/humble/share/robot_state_publisher/cmake)
[0.217s] -- Found rosidl_generator_c: 3.1.5 (/opt/ros/humble/share/rosidl_generator_c/cmake)
[0.220s] -- Found rosidl_adapter: 3.1.5 (/opt/ros/humble/share/rosidl_adapter/cmake)
[0.225s] -- Found rosidl_generator_cpp: 3.1.5 (/opt/ros/humble/share/rosidl_generator_cpp/cmake)
[0.237s] -- Using all available rosidl_typesupport_c: rosidl_typesupport_fastrtps_c;rosidl_typesupport_introspection_c
[0.253s] -- Using all available rosidl_typesupport_cpp: rosidl_typesupport_fastrtps_cpp;rosidl_typesupport_introspection_cpp
[0.372s] -- Found eigen3_cmake_module: 0.1.1 (/opt/ros/humble/share/eigen3_cmake_module/cmake)
[0.373s] -- Ensuring Eigen3 include directory is part of orocos-kdl CMake target
[0.426s] -- Found rmw_implementation_cmake: 6.1.1 (/opt/ros/humble/share/rmw_implementation_cmake/cmake)
[0.427s] -- Found rmw_cyclonedds_cpp: 1.3.4 (/opt/ros/humble/share/rmw_cyclonedds_cpp/cmake)
[0.457s] -- Using RMW implementation 'rmw_cyclonedds_cpp' as default
[1.066s] -- Found xacro: 2.0.8 (/opt/ros/humble/share/xacro/cmake)
[1.067s] -- Found rviz2: 11.2.8 (/opt/ros/humble/share/rviz2/cmake)
[1.081s] [31mCMake Error at CMakeLists.txt:24 (find_package):
[1.081s]   By not providing "Findros2_control.cmake" in CMAKE_MODULE_PATH this project
[1.081s]   has asked CMake to find a package configuration file provided by
[1.081s]   "ros2_control", but CMake did not find one.
[1.081s] 
[1.081s]   Could not find a package configuration file provided by "ros2_control" with
[1.081s]   any of the following names:
[1.081s] 
[1.081s]     ros2_controlConfig.cmake
[1.081s]     ros2_control-config.cmake
[1.082s] 
[1.082s]   Add the installation prefix of "ros2_control" to CMAKE_PREFIX_PATH or set
[1.082s]   "ros2_control_DIR" to a directory containing one of the above files.  If
[1.082s]   "ros2_control" provides a separate development package or SDK, be sure it
[1.082s]   has been installed.
[1.082s] 
[1.082s] [0m
[1.082s] -- Configuring incomplete, errors occurred!
[1.082s] See also "/home/iclab/work/epos_ws/src/epos2_description/build/epos2_description/CMakeFiles/CMakeOutput.log".
[1.086s] Invoked command in '/home/iclab/work/epos_ws/src/epos2_description/build/epos2_description' returned '1': CMAKE_PREFIX_PATH=/opt/ros/humble /usr/bin/cmake /home/iclab/work/epos_ws/src/epos2_description -DCMAKE_EXPORT_COMPILE_COMMANDS=ON -DAMENT_CMAKE_SYMLINK_INSTALL=1 -DCMAKE_INSTALL_PREFIX=/home/iclab/work/epos_ws/src/epos2_description/install/epos2_description
